[0723/120628:ERROR:process_info.cc(608)] range at 0xff1af000, size 0x230 fully unreadable
[0723/120628:ERROR:process_info.cc(608)] range at 0xff1ae000, size 0xf84 fully unreadable
[0723/120628:ERROR:scoped_process_suspend.cc(38)] NtResumeProcess, ntstatus=-1073741558
[0723/124151:ERROR:process_info.cc(608)] range at 0xffbbf000, size 0x230 fully unreadable
[0723/124151:ERROR:process_info.cc(608)] range at 0xfebb5000, size 0x230 fully unreadable
[0723/124151:ERROR:process_reader_win.cc(141)] SuspendThread: 拒绝访问。 (0x5)
[0723/124151:ERROR:process_info.cc(608)] range at 0xffbbe000, size 0xf84 fully unreadable
[0723/124151:ERROR:process_reader_win.cc(141)] SuspendThread: 拒绝访问。 (0x5)
[0723/124151:ERROR:process_info.cc(608)] range at 0xfebbf000, size 0xf84 fully unreadable
[0723/124151:ERROR:process_info.cc(608)] range at 0xfeccf000, size 0x230 fully unreadable
[0723/124151:ERROR:process_reader_win.cc(141)] SuspendThread: 拒绝访问。 (0x5)
[0723/124151:ERROR:process_reader_win.cc(141)] SuspendThread: 拒绝访问。 (0x5)
[0723/124151:ERROR:process_info.cc(608)] range at 0xfeccd000, size 0xf84 fully unreadable
[0723/124151:ERROR:process_info.cc(608)] range at 0xfecde000, size 0x230 fully unreadable
[0723/124151:ERROR:process_reader_win.cc(141)] SuspendThread: 拒绝访问。 (0x5)
[0723/124151:ERROR:process_reader_win.cc(141)] SuspendThread: 拒绝访问。 (0x5)
[0723/124151:ERROR:process_info.cc(608)] range at 0xfecdd000, size 0xf84 fully unreadable
[0723/124151:ERROR:process_info.cc(608)] range at 0xfee0c000, size 0x230 fully unreadable
[0723/124151:ERROR:process_info.cc(608)] range at 0xff123000, size 0x230 fully unreadable
[0723/124151:ERROR:process_info.cc(608)] range at 0xfee0b000, size 0xf84 fully unreadable
[0723/124151:ERROR:process_info.cc(608)] range at 0xff12f000, size 0xf84 fully unreadable
[0723/124151:ERROR:process_reader_win.cc(232)] ReadMemory at 0x1152508 of 62 bytes failed: 仅完成部分的 ReadProcessMemory 或 WriteProcessMemory 请求。 (0x12B)
[0723/124151:ERROR:crash_report_exception_handler.cc(102)] WriteEverything failed
[0723/124151:ERROR:scoped_process_suspend.cc(38)] NtResumeProcess, ntstatus=-1073741558
[0723/124151:ERROR:process_reader_win.cc(232)] ReadMemory at 0x10b5000 of 45056 bytes failed: 仅完成部分的 ReadProcessMemory 或 WriteProcessMemory 请求。 (0x12B)
[0723/124151:ERROR:crash_report_exception_handler.cc(102)] WriteEverything failed
[0723/124151:ERROR:scoped_process_suspend.cc(38)] NtResumeProcess, ntstatus=-1073741558
