2023-05-29 14:38:14,531 [main] INFO  [com.jun.plugin.drools.Application] - Starting Application on DESKTOP-BFKA690 with PID 10524 (D:\workspace\github\jun_java_plugin\jun_springboot_plugin\springboot_drools\target\classes started by Administrator in D:\workspace\github\jun_java_plugin\jun_springboot_plugin\springboot_drools)
2023-05-29 14:38:14,532 [main] INFO  [com.jun.plugin.drools.Application] - No profiles are active
2023-05-29 14:38:14,563 [main] INFO  [org.springframework.boot.context.embedded.AnnotationConfigEmbeddedWebApplicationContext] - Refreshing org.springframework.boot.context.embedded.AnnotationConfigEmbeddedWebApplicationContext@32d2fa64: startup date [Mon May 29 14:38:14 CST 2023]; root of context hierarchy
2023-05-29 14:38:14,696 [pool-1-thread-1] INFO  [org.hibernate.validator.internal.util.Version] - HV000001: Hibernate Validator 5.2.2.Final
2023-05-29 14:38:15,003 [main] INFO  [org.springframework.beans.factory.support.DefaultListableBeanFactory] - Overriding bean definition for bean 'beanNameViewResolver' with a different definition: replacing [Root bean: class [null]; scope=; abstract=false; lazyInit=false; autowireMode=3; dependencyCheck=0; autowireCandidate=true; primary=false; factoryBeanName=org.springframework.boot.autoconfigure.web.ErrorMvcAutoConfiguration$WhitelabelErrorViewConfiguration; factoryMethodName=beanNameViewResolver; initMethodName=null; destroyMethodName=(inferred); defined in class path resource [org/springframework/boot/autoconfigure/web/ErrorMvcAutoConfiguration$WhitelabelErrorViewConfiguration.class]] with [Root bean: class [null]; scope=; abstract=false; lazyInit=false; autowireMode=3; dependencyCheck=0; autowireCandidate=true; primary=false; factoryBeanName=org.springframework.boot.autoconfigure.web.WebMvcAutoConfiguration$WebMvcAutoConfigurationAdapter; factoryMethodName=beanNameViewResolver; initMethodName=null; destroyMethodName=(inferred); defined in class path resource [org/springframework/boot/autoconfigure/web/WebMvcAutoConfiguration$WebMvcAutoConfigurationAdapter.class]]
2023-05-29 14:38:15,219 [main] INFO  [org.springframework.context.support.PostProcessorRegistrationDelegate$BeanPostProcessorChecker] - Bean 'org.springframework.transaction.annotation.ProxyTransactionManagementConfiguration' of type [class org.springframework.transaction.annotation.ProxyTransactionManagementConfiguration$$EnhancerBySpringCGLIB$$47299be3] is not eligible for getting processed by all BeanPostProcessors (for example: not eligible for auto-proxying)
2023-05-29 14:38:15,578 [main] INFO  [org.springframework.boot.context.embedded.tomcat.TomcatEmbeddedServletContainer] - Tomcat initialized with port(s): 8080 (http)
2023-05-29 14:38:15,586 [main] INFO  [org.apache.catalina.core.StandardService] - Starting service Tomcat
2023-05-29 14:38:15,587 [main] INFO  [org.apache.catalina.core.StandardEngine] - Starting Servlet Engine: Apache Tomcat/8.0.28
2023-05-29 14:38:15,751 [localhost-startStop-1] INFO  [org.apache.jasper.servlet.TldScanner] - At least one JAR was scanned for TLDs yet contained no TLDs. Enable debug logging for this logger for a complete list of JARs that were scanned but no TLDs were found in them. Skipping unneeded JARs during scanning can improve startup time and JSP compilation time.
2023-05-29 14:38:15,753 [localhost-startStop-1] INFO  [org.apache.catalina.core.ContainerBase.[Tomcat].[localhost].[/]] - Initializing Spring embedded WebApplicationContext
2023-05-29 14:38:15,753 [localhost-startStop-1] INFO  [org.springframework.web.context.ContextLoader] - Root WebApplicationContext: initialization completed in 1192 ms
2023-05-29 14:38:15,915 [localhost-startStop-1] INFO  [org.springframework.boot.context.embedded.ServletRegistrationBean] - Mapping servlet: 'dispatcherServlet' to [/]
2023-05-29 14:38:15,917 [localhost-startStop-1] INFO  [org.springframework.boot.context.embedded.FilterRegistrationBean] - Mapping filter: 'characterEncodingFilter' to: [/*]
2023-05-29 14:38:15,918 [localhost-startStop-1] INFO  [org.springframework.boot.context.embedded.FilterRegistrationBean] - Mapping filter: 'hiddenHttpMethodFilter' to: [/*]
2023-05-29 14:38:15,918 [localhost-startStop-1] INFO  [org.springframework.boot.context.embedded.FilterRegistrationBean] - Mapping filter: 'httpPutFormContentFilter' to: [/*]
2023-05-29 14:38:15,918 [localhost-startStop-1] INFO  [org.springframework.boot.context.embedded.FilterRegistrationBean] - Mapping filter: 'requestContextFilter' to: [/*]
2023-05-29 14:38:16,050 [main] INFO  [org.springframework.web.servlet.mvc.method.annotation.RequestMappingHandlerAdapter] - Looking for @ControllerAdvice: org.springframework.boot.context.embedded.AnnotationConfigEmbeddedWebApplicationContext@32d2fa64: startup date [Mon May 29 14:38:14 CST 2023]; root of context hierarchy
2023-05-29 14:38:16,090 [main] INFO  [org.springframework.web.servlet.mvc.method.annotation.RequestMappingHandlerMapping] - Mapped "{[/error]}" onto public org.springframework.http.ResponseEntity<java.util.Map<java.lang.String, java.lang.Object>> org.springframework.boot.autoconfigure.web.BasicErrorController.error(javax.servlet.http.HttpServletRequest)
2023-05-29 14:38:16,091 [main] INFO  [org.springframework.web.servlet.mvc.method.annotation.RequestMappingHandlerMapping] - Mapped "{[/error],produces=[text/html]}" onto public org.springframework.web.servlet.ModelAndView org.springframework.boot.autoconfigure.web.BasicErrorController.errorHtml(javax.servlet.http.HttpServletRequest)
2023-05-29 14:38:16,106 [main] INFO  [org.springframework.web.servlet.handler.SimpleUrlHandlerMapping] - Mapped URL path [/webjars/**] onto handler of type [class org.springframework.web.servlet.resource.ResourceHttpRequestHandler]
2023-05-29 14:38:16,106 [main] INFO  [org.springframework.web.servlet.handler.SimpleUrlHandlerMapping] - Mapped URL path [/**] onto handler of type [class org.springframework.web.servlet.resource.ResourceHttpRequestHandler]
2023-05-29 14:38:16,126 [main] INFO  [org.springframework.web.servlet.handler.SimpleUrlHandlerMapping] - Mapped URL path [/**/favicon.ico] onto handler of type [class org.springframework.web.servlet.resource.ResourceHttpRequestHandler]
2023-05-29 14:38:16,203 [main] INFO  [org.springframework.jmx.export.annotation.AnnotationMBeanExporter] - Registering beans for JMX exposure on startup
2023-05-29 14:38:16,225 [main] INFO  [org.apache.coyote.http11.Http11NioProtocol] - Initializing ProtocolHandler ["http-nio-8080"]
2023-05-29 14:38:16,231 [main] INFO  [org.apache.coyote.http11.Http11NioProtocol] - Starting ProtocolHandler ["http-nio-8080"]
2023-05-29 14:38:16,239 [main] INFO  [org.apache.tomcat.util.net.NioSelectorPool] - Using a shared selector for servlet write/read
2023-05-29 14:38:16,258 [main] INFO  [org.springframework.boot.context.embedded.tomcat.TomcatEmbeddedServletContainer] - Tomcat started on port(s): 8080 (http)
2023-05-29 14:38:16,261 [main] INFO  [com.jun.plugin.drools.Application] - Started Application in 1.886 seconds (JVM running for 2.11)
2023-05-29 14:38:34,666 [main] INFO  [com.jun.plugin.drools.Application] - Starting Application on DESKTOP-BFKA690 with PID 9176 (D:\workspace\github\jun_java_plugin\jun_springboot_plugin\springboot_drools\target\classes started by Administrator in D:\workspace\github\jun_java_plugin\jun_springboot_plugin\springboot_drools)
2023-05-29 14:38:34,666 [main] INFO  [com.jun.plugin.drools.Application] - No profiles are active
2023-05-29 14:38:34,698 [main] INFO  [org.springframework.boot.context.embedded.AnnotationConfigEmbeddedWebApplicationContext] - Refreshing org.springframework.boot.context.embedded.AnnotationConfigEmbeddedWebApplicationContext@32d2fa64: startup date [Mon May 29 14:38:34 CST 2023]; root of context hierarchy
2023-05-29 14:38:34,837 [pool-1-thread-1] INFO  [org.hibernate.validator.internal.util.Version] - HV000001: Hibernate Validator 5.2.2.Final
2023-05-29 14:38:35,137 [main] INFO  [org.springframework.beans.factory.support.DefaultListableBeanFactory] - Overriding bean definition for bean 'beanNameViewResolver' with a different definition: replacing [Root bean: class [null]; scope=; abstract=false; lazyInit=false; autowireMode=3; dependencyCheck=0; autowireCandidate=true; primary=false; factoryBeanName=org.springframework.boot.autoconfigure.web.ErrorMvcAutoConfiguration$WhitelabelErrorViewConfiguration; factoryMethodName=beanNameViewResolver; initMethodName=null; destroyMethodName=(inferred); defined in class path resource [org/springframework/boot/autoconfigure/web/ErrorMvcAutoConfiguration$WhitelabelErrorViewConfiguration.class]] with [Root bean: class [null]; scope=; abstract=false; lazyInit=false; autowireMode=3; dependencyCheck=0; autowireCandidate=true; primary=false; factoryBeanName=org.springframework.boot.autoconfigure.web.WebMvcAutoConfiguration$WebMvcAutoConfigurationAdapter; factoryMethodName=beanNameViewResolver; initMethodName=null; destroyMethodName=(inferred); defined in class path resource [org/springframework/boot/autoconfigure/web/WebMvcAutoConfiguration$WebMvcAutoConfigurationAdapter.class]]
2023-05-29 14:38:35,350 [main] INFO  [org.springframework.context.support.PostProcessorRegistrationDelegate$BeanPostProcessorChecker] - Bean 'org.springframework.transaction.annotation.ProxyTransactionManagementConfiguration' of type [class org.springframework.transaction.annotation.ProxyTransactionManagementConfiguration$$EnhancerBySpringCGLIB$$c42d95c] is not eligible for getting processed by all BeanPostProcessors (for example: not eligible for auto-proxying)
2023-05-29 14:38:35,706 [main] INFO  [org.springframework.boot.context.embedded.tomcat.TomcatEmbeddedServletContainer] - Tomcat initialized with port(s): 8080 (http)
2023-05-29 14:38:35,716 [main] INFO  [org.apache.catalina.core.StandardService] - Starting service Tomcat
2023-05-29 14:38:35,717 [main] INFO  [org.apache.catalina.core.StandardEngine] - Starting Servlet Engine: Apache Tomcat/8.0.28
2023-05-29 14:38:35,886 [localhost-startStop-1] INFO  [org.apache.jasper.servlet.TldScanner] - At least one JAR was scanned for TLDs yet contained no TLDs. Enable debug logging for this logger for a complete list of JARs that were scanned but no TLDs were found in them. Skipping unneeded JARs during scanning can improve startup time and JSP compilation time.
2023-05-29 14:38:35,888 [localhost-startStop-1] INFO  [org.apache.catalina.core.ContainerBase.[Tomcat].[localhost].[/]] - Initializing Spring embedded WebApplicationContext
2023-05-29 14:38:35,888 [localhost-startStop-1] INFO  [org.springframework.web.context.ContextLoader] - Root WebApplicationContext: initialization completed in 1192 ms
2023-05-29 14:38:36,060 [localhost-startStop-1] INFO  [org.springframework.boot.context.embedded.ServletRegistrationBean] - Mapping servlet: 'dispatcherServlet' to [/]
2023-05-29 14:38:36,063 [localhost-startStop-1] INFO  [org.springframework.boot.context.embedded.FilterRegistrationBean] - Mapping filter: 'characterEncodingFilter' to: [/*]
2023-05-29 14:38:36,063 [localhost-startStop-1] INFO  [org.springframework.boot.context.embedded.FilterRegistrationBean] - Mapping filter: 'hiddenHttpMethodFilter' to: [/*]
2023-05-29 14:38:36,064 [localhost-startStop-1] INFO  [org.springframework.boot.context.embedded.FilterRegistrationBean] - Mapping filter: 'httpPutFormContentFilter' to: [/*]
2023-05-29 14:38:36,064 [localhost-startStop-1] INFO  [org.springframework.boot.context.embedded.FilterRegistrationBean] - Mapping filter: 'requestContextFilter' to: [/*]
2023-05-29 14:38:36,197 [main] INFO  [org.springframework.web.servlet.mvc.method.annotation.RequestMappingHandlerAdapter] - Looking for @ControllerAdvice: org.springframework.boot.context.embedded.AnnotationConfigEmbeddedWebApplicationContext@32d2fa64: startup date [Mon May 29 14:38:34 CST 2023]; root of context hierarchy
2023-05-29 14:38:36,232 [main] INFO  [org.springframework.web.servlet.mvc.method.annotation.RequestMappingHandlerMapping] - Mapped "{[/error]}" onto public org.springframework.http.ResponseEntity<java.util.Map<java.lang.String, java.lang.Object>> org.springframework.boot.autoconfigure.web.BasicErrorController.error(javax.servlet.http.HttpServletRequest)
2023-05-29 14:38:36,233 [main] INFO  [org.springframework.web.servlet.mvc.method.annotation.RequestMappingHandlerMapping] - Mapped "{[/error],produces=[text/html]}" onto public org.springframework.web.servlet.ModelAndView org.springframework.boot.autoconfigure.web.BasicErrorController.errorHtml(javax.servlet.http.HttpServletRequest)
2023-05-29 14:38:36,252 [main] INFO  [org.springframework.web.servlet.handler.SimpleUrlHandlerMapping] - Mapped URL path [/webjars/**] onto handler of type [class org.springframework.web.servlet.resource.ResourceHttpRequestHandler]
2023-05-29 14:38:36,252 [main] INFO  [org.springframework.web.servlet.handler.SimpleUrlHandlerMapping] - Mapped URL path [/**] onto handler of type [class org.springframework.web.servlet.resource.ResourceHttpRequestHandler]
2023-05-29 14:38:36,273 [main] INFO  [org.springframework.web.servlet.handler.SimpleUrlHandlerMapping] - Mapped URL path [/**/favicon.ico] onto handler of type [class org.springframework.web.servlet.resource.ResourceHttpRequestHandler]
2023-05-29 14:38:36,344 [main] INFO  [org.springframework.jmx.export.annotation.AnnotationMBeanExporter] - Registering beans for JMX exposure on startup
2023-05-29 14:38:36,366 [main] INFO  [org.apache.coyote.http11.Http11NioProtocol] - Initializing ProtocolHandler ["http-nio-8080"]
2023-05-29 14:38:36,371 [main] INFO  [org.apache.coyote.http11.Http11NioProtocol] - Starting ProtocolHandler ["http-nio-8080"]
2023-05-29 14:38:36,380 [main] INFO  [org.apache.tomcat.util.net.NioSelectorPool] - Using a shared selector for servlet write/read
2023-05-29 14:38:36,405 [main] INFO  [org.springframework.boot.context.embedded.tomcat.TomcatEmbeddedServletContainer] - Tomcat started on port(s): 8080 (http)
2023-05-29 14:38:36,408 [main] INFO  [com.jun.plugin.drools.Application] - Started Application in 1.918 seconds (JVM running for 2.187)
