2019-07-23 09:08:10.323  INFO 13940 --- [restartedMain] c.lxx.springboot.SpringbootApplication   : Starting SpringbootApplication on MS-20190302BOQ2 with PID 13940 (F:\MyProject\springboot-project\target\classes started by Administrator in F:\MyProject\springboot-project)
2019-07-23 09:08:10.340  INFO 13940 --- [restartedMain] c.lxx.springboot.SpringbootApplication   : No active profile set, falling back to default profiles: default
2019-07-23 09:08:10.525  INFO 13940 --- [restartedMain] .e.DevToolsPropertyDefaultsPostProcessor : Devtools property defaults active! Set 'spring.devtools.add-properties' to 'false' to disable
2019-07-23 09:08:10.525  INFO 13940 --- [restartedMain] .e.DevToolsPropertyDefaultsPostProcessor : For additional web related logging consider setting the 'logging.level.web' property to 'DEBUG'
2019-07-23 09:08:11.430  INFO 13940 --- [restartedMain] .s.d.r.c.RepositoryConfigurationDelegate : Multiple Spring Data modules found, entering strict repository configuration mode!
2019-07-23 09:08:11.432  INFO 13940 --- [restartedMain] .s.d.r.c.RepositoryConfigurationDelegate : Bootstrapping Spring Data repositories in DEFAULT mode.
2019-07-23 09:08:11.463  INFO 13940 --- [restartedMain] .s.d.r.c.RepositoryConfigurationDelegate : Finished Spring Data repository scanning in 10ms. Found 0 repository interfaces.
2019-07-23 09:08:11.769  INFO 13940 --- [restartedMain] trationDelegate$BeanPostProcessorChecker : Bean 'org.springframework.transaction.annotation.ProxyTransactionManagementConfiguration' of type [org.springframework.transaction.annotation.ProxyTransactionManagementConfiguration$$EnhancerBySpringCGLIB$$4d6dee8e] is not eligible for getting processed by all BeanPostProcessors (for example: not eligible for auto-proxying)
2019-07-23 09:08:12.185  INFO 13940 --- [restartedMain] o.s.b.w.embedded.tomcat.TomcatWebServer  : Tomcat initialized with port(s): 8880 (http)
2019-07-23 09:08:12.213  INFO 13940 --- [restartedMain] o.apache.catalina.core.StandardService   : Starting service [Tomcat]
2019-07-23 09:08:12.213  INFO 13940 --- [restartedMain] org.apache.catalina.core.StandardEngine  : Starting Servlet engine: [Apache Tomcat/9.0.21]
2019-07-23 09:08:12.370  INFO 13940 --- [restartedMain] o.a.c.c.C.[Tomcat].[localhost].[/my]     : Initializing Spring embedded WebApplicationContext
2019-07-23 09:08:12.370  INFO 13940 --- [restartedMain] o.s.web.context.ContextLoader            : Root WebApplicationContext: initialization completed in 1845 ms
2019-07-23 09:08:12.485  INFO 13940 --- [restartedMain] c.a.d.s.b.a.DruidDataSourceAutoConfigure : Init DruidDataSource
2019-07-23 09:08:12.618  INFO 13940 --- [restartedMain] com.alibaba.druid.pool.DruidDataSource   : {dataSource-1} inited
2019-07-23 09:08:13.650  INFO 13940 --- [restartedMain] o.s.s.concurrent.ThreadPoolTaskExecutor  : Initializing ExecutorService 'applicationTaskExecutor'
2019-07-23 09:08:13.982  INFO 13940 --- [restartedMain] o.s.b.d.a.OptionalLiveReloadServer       : LiveReload server is running on port 35729
2019-07-23 09:08:14.062  INFO 13940 --- [restartedMain] o.s.b.w.embedded.tomcat.TomcatWebServer  : Tomcat started on port(s): 8880 (http) with context path '/my'
2019-07-23 09:08:14.065  INFO 13940 --- [restartedMain] c.lxx.springboot.SpringbootApplication   : Started SpringbootApplication in 4.792 seconds (JVM running for 6.571)
2019-07-23 09:08:29.023  INFO 13940 --- [http-nio-8880-exec-1] o.a.c.c.C.[Tomcat].[localhost].[/my]     : Initializing Spring DispatcherServlet 'dispatcherServlet'
2019-07-23 09:08:29.024  INFO 13940 --- [http-nio-8880-exec-1] o.s.web.servlet.DispatcherServlet        : Initializing Servlet 'dispatcherServlet'
2019-07-23 09:08:29.100  INFO 13940 --- [http-nio-8880-exec-1] o.s.web.servlet.DispatcherServlet        : Completed initialization in 76 ms
